<?xml version="1.0" encoding="UTF-8"?>
<!-- Generated by org.testng.reporters.JUnitXMLReporter -->
<testsuite ignored="0" hostname="Jelenas-MacBook-Pro.local" failures="0" tests="3" name="Default test" time="12.867" errors="0" timestamp="2021-10-12T01:09:04 CEST">
  <testcase classname="test_24_09.Tests" name="successfulLogIn" time="3.729"/>
  <testcase classname="test_24_09.Tests" name="incorrectUsername" time="0.248"/>
  <testcase classname="test_24_09.Tests" name="incorrectPassword" time="0.238"/>
</testsuite> <!-- Default test -->
